mode: set
restaurant-api/handlers/auth.go:20.28,26.16 3 1
restaurant-api/handlers/auth.go:26.16,33.3 2 1
restaurant-api/handlers/auth.go:35.2,49.16 5 1
restaurant-api/handlers/auth.go:49.16,56.3 2 1
restaurant-api/handlers/auth.go:58.2,58.30 1 1
restaurant-api/handlers/auth.go:58.30,65.3 2 1
restaurant-api/handlers/auth.go:67.2,81.4 3 1
restaurant-api/handlers/auth.go:91.31,94.47 2 1
restaurant-api/handlers/auth.go:94.47,97.3 2 1
restaurant-api/handlers/auth.go:99.2,102.16 3 1
restaurant-api/handlers/auth.go:102.16,105.3 2 1
restaurant-api/handlers/auth.go:107.2,107.66 1 1
restaurant-api/handlers/booking.go:22.36,26.16 3 1
restaurant-api/handlers/booking.go:26.16,29.3 2 0
restaurant-api/handlers/booking.go:31.2,31.121 1 1
restaurant-api/handlers/booking.go:31.121,34.3 2 1
restaurant-api/handlers/booking.go:36.2,37.16 2 1
restaurant-api/handlers/booking.go:37.16,40.3 2 1
restaurant-api/handlers/booking.go:42.2,49.16 4 1
restaurant-api/handlers/booking.go:49.16,52.3 2 1
restaurant-api/handlers/booking.go:54.2,81.26 4 1
restaurant-api/handlers/booking.go:81.26,84.3 2 1
restaurant-api/handlers/booking.go:85.2,85.16 1 1
restaurant-api/handlers/booking.go:85.16,88.3 2 0
restaurant-api/handlers/booking.go:90.2,103.16 2 1
restaurant-api/handlers/booking.go:103.16,106.3 2 0
restaurant-api/handlers/booking.go:108.2,109.16 2 1
restaurant-api/handlers/booking.go:109.16,112.3 2 0
restaurant-api/handlers/booking.go:114.2,124.4 1 1
restaurant-api/handlers/booking.go:142.34,151.16 4 1
restaurant-api/handlers/booking.go:151.16,154.3 2 1
restaurant-api/handlers/booking.go:155.2,158.18 3 1
restaurant-api/handlers/booking.go:158.18,166.17 3 1
restaurant-api/handlers/booking.go:166.17,169.4 2 0
restaurant-api/handlers/booking.go:170.3,170.33 1 1
restaurant-api/handlers/booking.go:173.2,173.21 1 1
restaurant-api/handlers/booking.go:173.21,175.3 1 1
restaurant-api/handlers/booking.go:176.2,176.33 1 1
restaurant-api/handlers/booking.go:180.40,184.16 4 1
restaurant-api/handlers/booking.go:184.16,187.3 2 1
restaurant-api/handlers/booking.go:188.2,190.18 3 1
restaurant-api/handlers/booking.go:190.18,193.17 3 1
restaurant-api/handlers/booking.go:193.17,196.4 2 0
restaurant-api/handlers/booking.go:197.3,197.33 1 1
restaurant-api/handlers/booking.go:199.2,199.21 1 1
restaurant-api/handlers/booking.go:199.21,201.3 1 1
restaurant-api/handlers/booking.go:202.2,202.33 1 1
restaurant-api/handlers/booking.go:205.46,209.16 4 1
restaurant-api/handlers/booking.go:209.16,212.3 2 0
restaurant-api/handlers/booking.go:213.2,215.18 3 1
restaurant-api/handlers/booking.go:215.18,218.17 3 1
restaurant-api/handlers/booking.go:218.17,221.4 2 0
restaurant-api/handlers/booking.go:222.3,222.33 1 1
restaurant-api/handlers/booking.go:224.2,224.21 1 1
restaurant-api/handlers/booking.go:224.21,226.3 1 1
restaurant-api/handlers/booking.go:227.2,227.33 1 1
restaurant-api/handlers/queue.go:20.32,26.16 2 1
restaurant-api/handlers/queue.go:26.16,29.3 2 1
restaurant-api/handlers/queue.go:30.2,33.18 3 1
restaurant-api/handlers/queue.go:33.18,44.17 3 1
restaurant-api/handlers/queue.go:44.17,47.4 2 0
restaurant-api/handlers/queue.go:48.3,48.29 1 1
restaurant-api/handlers/queue.go:51.2,51.19 1 1
restaurant-api/handlers/queue.go:51.19,53.3 1 1
restaurant-api/handlers/queue.go:55.2,55.31 1 1
restaurant-api/handlers/report.go:19.40,24.38 4 1
restaurant-api/handlers/report.go:24.38,29.3 2 1
restaurant-api/handlers/report.go:31.2,50.16 4 1
restaurant-api/handlers/report.go:50.16,55.3 2 0
restaurant-api/handlers/report.go:57.2,60.32 3 1
restaurant-api/handlers/restaurant.go:20.39,22.47 2 1
restaurant-api/handlers/restaurant.go:22.47,25.3 2 1
restaurant-api/handlers/restaurant.go:27.2,27.40 1 1
restaurant-api/handlers/restaurant.go:27.40,30.3 2 0
restaurant-api/handlers/restaurant.go:32.2,45.16 2 1
restaurant-api/handlers/restaurant.go:45.16,48.3 2 1
restaurant-api/handlers/restaurant.go:50.2,51.16 2 1
restaurant-api/handlers/restaurant.go:51.16,54.3 2 0
restaurant-api/handlers/restaurant.go:56.2,66.4 1 1
restaurant-api/handlers/search.go:21.40,39.19 5 1
restaurant-api/handlers/search.go:39.19,42.3 2 1
restaurant-api/handlers/search.go:42.8,44.3 1 1
restaurant-api/handlers/search.go:46.2,46.16 1 1
restaurant-api/handlers/search.go:46.16,51.3 2 1
restaurant-api/handlers/search.go:52.2,55.18 3 1
restaurant-api/handlers/search.go:55.18,67.3 3 1
restaurant-api/handlers/search.go:69.2,73.4 1 1
restaurant-api/handlers/search.go:77.42,125.16 6 1
restaurant-api/handlers/search.go:125.16,126.36 1 1
restaurant-api/handlers/search.go:126.36,131.4 2 1
restaurant-api/handlers/search.go:132.3,135.9 2 1
restaurant-api/handlers/search.go:138.2,141.4 1 1
restaurant-api/handlers/table.go:14.40,20.47 3 1
restaurant-api/handlers/table.go:20.47,27.3 2 1
restaurant-api/handlers/table.go:29.2,41.16 3 1
restaurant-api/handlers/table.go:41.16,48.3 2 0
restaurant-api/handlers/table.go:50.2,52.15 2 1
restaurant-api/handlers/table.go:52.15,59.3 2 1
restaurant-api/handlers/table.go:61.2,63.4 1 1
restaurant-api/handlers/table.go:66.36,77.16 4 1
restaurant-api/handlers/table.go:77.16,84.3 2 1
restaurant-api/handlers/table.go:86.2,88.4 1 1
restaurant-api/handlers/update_booking.go:15.42,20.47 4 1
restaurant-api/handlers/update_booking.go:20.47,23.3 2 0
restaurant-api/handlers/update_booking.go:26.2,27.32 2 1
restaurant-api/handlers/update_booking.go:27.32,30.3 2 1
restaurant-api/handlers/update_booking.go:32.2,39.16 3 1
restaurant-api/handlers/update_booking.go:39.16,42.3 2 1
restaurant-api/handlers/update_booking.go:44.2,45.16 2 1
restaurant-api/handlers/update_booking.go:45.16,48.3 2 0
restaurant-api/handlers/update_booking.go:50.2,50.23 1 1
restaurant-api/handlers/update_booking.go:50.23,53.3 2 1
restaurant-api/handlers/update_booking.go:55.2,55.80 1 1
